<?xml version="1.0" encoding="UTF-8"?>
<testsuite xmlns:xsi="http://www.w3.org/2001/XMLSchema-instance" xsi:noNamespaceSchemaLocation="https://maven.apache.org/surefire/maven-surefire-plugin/xsd/surefire-test-report.xsd" name="com.pixelTrice.elastic.ElasticApplicationTests" time="3.391" tests="1" errors="0" skipped="0" failures="0">
  <properties>
    <property name="java.specification.version" value="17"/>
    <property name="sun.cpu.isalist" value="amd64"/>
    <property name="sun.jnu.encoding" value="Cp1252"/>
    <property name="java.class.path" value="C:\Users\omar.ben-abdejlil\Desktop\sameh\springboot-elasticsearch-main\target\test-classes;C:\Users\omar.ben-abdejlil\Desktop\sameh\springboot-elasticsearch-main\target\classes;C:\Users\omar.ben-abdejlil\.m2\org\springframework\boot\spring-boot-starter\2.7.2\spring-boot-starter-2.7.2.jar;C:\Users\omar.ben-abdejlil\.m2\org\springframework\boot\spring-boot\2.7.2\spring-boot-2.7.2.jar;C:\Users\omar.ben-abdejlil\.m2\org\springframework\spring-context\5.3.22\spring-context-5.3.22.jar;C:\Users\omar.ben-abdejlil\.m2\org\springframework\boot\spring-boot-autoconfigure\2.7.2\spring-boot-autoconfigure-2.7.2.jar;C:\Users\omar.ben-abdejlil\.m2\org\springframework\boot\spring-boot-starter-logging\2.7.2\spring-boot-starter-logging-2.7.2.jar;C:\Users\omar.ben-abdejlil\.m2\ch\qos\logback\logback-classic\1.2.11\logback-classic-1.2.11.jar;C:\Users\omar.ben-abdejlil\.m2\ch\qos\logback\logback-core\1.2.11\logback-core-1.2.11.jar;C:\Users\omar.ben-abdejlil\.m2\org\apache\logging\log4j\log4j-to-slf4j\2.17.2\log4j-to-slf4j-2.17.2.jar;C:\Users\omar.ben-abdejlil\.m2\org\apache\logging\log4j\log4j-api\2.17.2\log4j-api-2.17.2.jar;C:\Users\omar.ben-abdejlil\.m2\org\slf4j\jul-to-slf4j\1.7.36\jul-to-slf4j-1.7.36.jar;C:\Users\omar.ben-abdejlil\.m2\jakarta\annotation\jakarta.annotation-api\1.3.5\jakarta.annotation-api-1.3.5.jar;C:\Users\omar.ben-abdejlil\.m2\org\springframework\spring-core\5.3.22\spring-core-5.3.22.jar;C:\Users\omar.ben-abdejlil\.m2\org\springframework\spring-jcl\5.3.22\spring-jcl-5.3.22.jar;C:\Users\omar.ben-abdejlil\.m2\org\yaml\snakeyaml\1.30\snakeyaml-1.30.jar;C:\Users\omar.ben-abdejlil\.m2\org\springframework\boot\spring-boot-starter-web\2.7.1\spring-boot-starter-web-2.7.1.jar;C:\Users\omar.ben-abdejlil\.m2\org\springframework\boot\spring-boot-starter-json\2.7.2\spring-boot-starter-json-2.7.2.jar;C:\Users\omar.ben-abdejlil\.m2\com\fasterxml\jackson\core\jackson-databind\2.13.3\jackson-databind-2.13.3.jar;C:\Users\omar.ben-abdejlil\.m2\com\fasterxml\jackson\core\jackson-annotations\2.13.3\jackson-annotations-2.13.3.jar;C:\Users\omar.ben-abdejlil\.m2\com\fasterxml\jackson\datatype\jackson-datatype-jdk8\2.13.3\jackson-datatype-jdk8-2.13.3.jar;C:\Users\omar.ben-abdejlil\.m2\com\fasterxml\jackson\datatype\jackson-datatype-jsr310\2.13.3\jackson-datatype-jsr310-2.13.3.jar;C:\Users\omar.ben-abdejlil\.m2\com\fasterxml\jackson\module\jackson-module-parameter-names\2.13.3\jackson-module-parameter-names-2.13.3.jar;C:\Users\omar.ben-abdejlil\.m2\org\springframework\boot\spring-boot-starter-tomcat\2.7.2\spring-boot-starter-tomcat-2.7.2.jar;C:\Users\omar.ben-abdejlil\.m2\org\apache\tomcat\embed\tomcat-embed-core\9.0.65\tomcat-embed-core-9.0.65.jar;C:\Users\omar.ben-abdejlil\.m2\org\apache\tomcat\embed\tomcat-embed-el\9.0.65\tomcat-embed-el-9.0.65.jar;C:\Users\omar.ben-abdejlil\.m2\org\apache\tomcat\embed\tomcat-embed-websocket\9.0.65\tomcat-embed-websocket-9.0.65.jar;C:\Users\omar.ben-abdejlil\.m2\org\springframework\spring-web\5.3.22\spring-web-5.3.22.jar;C:\Users\omar.ben-abdejlil\.m2\org\springframework\spring-beans\5.3.22\spring-beans-5.3.22.jar;C:\Users\omar.ben-abdejlil\.m2\org\springframework\spring-webmvc\5.3.22\spring-webmvc-5.3.22.jar;C:\Users\omar.ben-abdejlil\.m2\org\springframework\spring-aop\5.3.22\spring-aop-5.3.22.jar;C:\Users\omar.ben-abdejlil\.m2\org\springframework\spring-expression\5.3.22\spring-expression-5.3.22.jar;C:\Users\omar.ben-abdejlil\.m2\org\springframework\boot\spring-boot-starter-thymeleaf\2.7.2\spring-boot-starter-thymeleaf-2.7.2.jar;C:\Users\omar.ben-abdejlil\.m2\org\thymeleaf\thymeleaf-spring5\3.0.15.RELEASE\thymeleaf-spring5-3.0.15.RELEASE.jar;C:\Users\omar.ben-abdejlil\.m2\org\thymeleaf\thymeleaf\3.0.15.RELEASE\thymeleaf-3.0.15.RELEASE.jar;C:\Users\omar.ben-abdejlil\.m2\org\attoparser\attoparser\2.0.5.RELEASE\attoparser-2.0.5.RELEASE.jar;C:\Users\omar.ben-abdejlil\.m2\org\unbescape\unbescape\1.1.6.RELEASE\unbescape-1.1.6.RELEASE.jar;C:\Users\omar.ben-abdejlil\.m2\org\slf4j\slf4j-api\1.7.36\slf4j-api-1.7.36.jar;C:\Users\omar.ben-abdejlil\.m2\org\thymeleaf\extras\thymeleaf-extras-java8time\3.0.4.RELEASE\thymeleaf-extras-java8time-3.0.4.RELEASE.jar;C:\Users\omar.ben-abdejlil\.m2\org\springframework\boot\spring-boot-starter-data-elasticsearch\2.7.1\spring-boot-starter-data-elasticsearch-2.7.1.jar;C:\Users\omar.ben-abdejlil\.m2\org\springframework\data\spring-data-elasticsearch\4.4.2\spring-data-elasticsearch-4.4.2.jar;C:\Users\omar.ben-abdejlil\.m2\org\springframework\spring-tx\5.3.22\spring-tx-5.3.22.jar;C:\Users\omar.ben-abdejlil\.m2\org\springframework\data\spring-data-commons\2.7.2\spring-data-commons-2.7.2.jar;C:\Users\omar.ben-abdejlil\.m2\org\elasticsearch\client\elasticsearch-rest-high-level-client\7.17.4\elasticsearch-rest-high-level-client-7.17.4.jar;C:\Users\omar.ben-abdejlil\.m2\org\elasticsearch\elasticsearch\7.17.4\elasticsearch-7.17.4.jar;C:\Users\omar.ben-abdejlil\.m2\org\elasticsearch\elasticsearch-core\7.17.4\elasticsearch-core-7.17.4.jar;C:\Users\omar.ben-abdejlil\.m2\org\elasticsearch\elasticsearch-secure-sm\7.17.4\elasticsearch-secure-sm-7.17.4.jar;C:\Users\omar.ben-abdejlil\.m2\org\elasticsearch\elasticsearch-x-content\7.17.4\elasticsearch-x-content-7.17.4.jar;C:\Users\omar.ben-abdejlil\.m2\com\fasterxml\jackson\dataformat\jackson-dataformat-smile\2.13.3\jackson-dataformat-smile-2.13.3.jar;C:\Users\omar.ben-abdejlil\.m2\com\fasterxml\jackson\dataformat\jackson-dataformat-yaml\2.13.3\jackson-dataformat-yaml-2.13.3.jar;C:\Users\omar.ben-abdejlil\.m2\com\fasterxml\jackson\dataformat\jackson-dataformat-cbor\2.13.3\jackson-dataformat-cbor-2.13.3.jar;C:\Users\omar.ben-abdejlil\.m2\org\elasticsearch\elasticsearch-geo\7.17.4\elasticsearch-geo-7.17.4.jar;C:\Users\omar.ben-abdejlil\.m2\org\elasticsearch\elasticsearch-lz4\7.17.4\elasticsearch-lz4-7.17.4.jar;C:\Users\omar.ben-abdejlil\.m2\org\lz4\lz4-java\1.8.0\lz4-java-1.8.0.jar;C:\Users\omar.ben-abdejlil\.m2\org\apache\lucene\lucene-core\8.11.1\lucene-core-8.11.1.jar;C:\Users\omar.ben-abdejlil\.m2\org\apache\lucene\lucene-analyzers-common\8.11.1\lucene-analyzers-common-8.11.1.jar;C:\Users\omar.ben-abdejlil\.m2\org\apache\lucene\lucene-backward-codecs\8.11.1\lucene-backward-codecs-8.11.1.jar;C:\Users\omar.ben-abdejlil\.m2\org\apache\lucene\lucene-grouping\8.11.1\lucene-grouping-8.11.1.jar;C:\Users\omar.ben-abdejlil\.m2\org\apache\lucene\lucene-highlighter\8.11.1\lucene-highlighter-8.11.1.jar;C:\Users\omar.ben-abdejlil\.m2\org\apache\lucene\lucene-join\8.11.1\lucene-join-8.11.1.jar;C:\Users\omar.ben-abdejlil\.m2\org\apache\lucene\lucene-memory\8.11.1\lucene-memory-8.11.1.jar;C:\Users\omar.ben-abdejlil\.m2\org\apache\lucene\lucene-misc\8.11.1\lucene-misc-8.11.1.jar;C:\Users\omar.ben-abdejlil\.m2\org\apache\lucene\lucene-queries\8.11.1\lucene-queries-8.11.1.jar;C:\Users\omar.ben-abdejlil\.m2\org\apache\lucene\lucene-queryparser\8.11.1\lucene-queryparser-8.11.1.jar;C:\Users\omar.ben-abdejlil\.m2\org\apache\lucene\lucene-sandbox\8.11.1\lucene-sandbox-8.11.1.jar;C:\Users\omar.ben-abdejlil\.m2\org\apache\lucene\lucene-spatial3d\8.11.1\lucene-spatial3d-8.11.1.jar;C:\Users\omar.ben-abdejlil\.m2\org\apache\lucene\lucene-suggest\8.11.1\lucene-suggest-8.11.1.jar;C:\Users\omar.ben-abdejlil\.m2\org\elasticsearch\elasticsearch-cli\7.17.4\elasticsearch-cli-7.17.4.jar;C:\Users\omar.ben-abdejlil\.m2\net\sf\jopt-simple\jopt-simple\5.0.2\jopt-simple-5.0.2.jar;C:\Users\omar.ben-abdejlil\.m2\com\carrotsearch\hppc\0.8.1\hppc-0.8.1.jar;C:\Users\omar.ben-abdejlil\.m2\joda-time\joda-time\2.10.10\joda-time-2.10.10.jar;C:\Users\omar.ben-abdejlil\.m2\com\tdunning\t-digest\3.2\t-digest-3.2.jar;C:\Users\omar.ben-abdejlil\.m2\org\hdrhistogram\HdrHistogram\2.1.9\HdrHistogram-2.1.9.jar;C:\Users\omar.ben-abdejlil\.m2\net\java\dev\jna\jna\5.10.0\jna-5.10.0.jar;C:\Users\omar.ben-abdejlil\.m2\org\elasticsearch\elasticsearch-plugin-classloader\7.17.4\elasticsearch-plugin-classloader-7.17.4.jar;C:\Users\omar.ben-abdejlil\.m2\org\elasticsearch\plugin\mapper-extras-client\7.17.4\mapper-extras-client-7.17.4.jar;C:\Users\omar.ben-abdejlil\.m2\org\elasticsearch\plugin\parent-join-client\7.17.4\parent-join-client-7.17.4.jar;C:\Users\omar.ben-abdejlil\.m2\org\elasticsearch\plugin\aggs-matrix-stats-client\7.17.4\aggs-matrix-stats-client-7.17.4.jar;C:\Users\omar.ben-abdejlil\.m2\org\elasticsearch\plugin\rank-eval-client\7.17.4\rank-eval-client-7.17.4.jar;C:\Users\omar.ben-abdejlil\.m2\org\elasticsearch\plugin\lang-mustache-client\7.17.4\lang-mustache-client-7.17.4.jar;C:\Users\omar.ben-abdejlil\.m2\com\github\spullara\mustache\java\compiler\0.9.6\compiler-0.9.6.jar;C:\Users\omar.ben-abdejlil\.m2\co\elastic\clients\elasticsearch-java\7.17.4\elasticsearch-java-7.17.4.jar;C:\Users\omar.ben-abdejlil\.m2\com\google\code\findbugs\jsr305\3.0.2\jsr305-3.0.2.jar;C:\Users\omar.ben-abdejlil\.m2\org\eclipse\parsson\parsson\1.0.0\parsson-1.0.0.jar;C:\Users\omar.ben-abdejlil\.m2\org\elasticsearch\client\elasticsearch-rest-client\7.17.4\elasticsearch-rest-client-7.17.4.jar;C:\Users\omar.ben-abdejlil\.m2\org\apache\httpcomponents\httpclient\4.5.13\httpclient-4.5.13.jar;C:\Users\omar.ben-abdejlil\.m2\org\apache\httpcomponents\httpcore\4.4.15\httpcore-4.4.15.jar;C:\Users\omar.ben-abdejlil\.m2\org\apache\httpcomponents\httpasyncclient\4.1.5\httpasyncclient-4.1.5.jar;C:\Users\omar.ben-abdejlil\.m2\org\apache\httpcomponents\httpcore-nio\4.4.15\httpcore-nio-4.4.15.jar;C:\Users\omar.ben-abdejlil\.m2\commons-codec\commons-codec\1.15\commons-codec-1.15.jar;C:\Users\omar.ben-abdejlil\.m2\com\fasterxml\jackson\core\jackson-core\2.13.3\jackson-core-2.13.3.jar;C:\Users\omar.ben-abdejlil\.m2\jakarta\json\jakarta.json-api\2.1.0\jakarta.json-api-2.1.0.jar;C:\Users\omar.ben-abdejlil\.m2\org\springframework\boot\spring-boot-starter-test\2.7.2\spring-boot-starter-test-2.7.2.jar;C:\Users\omar.ben-abdejlil\.m2\org\springframework\boot\spring-boot-test\2.7.2\spring-boot-test-2.7.2.jar;C:\Users\omar.ben-abdejlil\.m2\org\springframework\boot\spring-boot-test-autoconfigure\2.7.2\spring-boot-test-autoconfigure-2.7.2.jar;C:\Users\omar.ben-abdejlil\.m2\com\jayway\jsonpath\json-path\2.7.0\json-path-2.7.0.jar;C:\Users\omar.ben-abdejlil\.m2\net\minidev\json-smart\2.4.8\json-smart-2.4.8.jar;C:\Users\omar.ben-abdejlil\.m2\net\minidev\accessors-smart\2.4.8\accessors-smart-2.4.8.jar;C:\Users\omar.ben-abdejlil\.m2\org\ow2\asm\asm\9.1\asm-9.1.jar;C:\Users\omar.ben-abdejlil\.m2\jakarta\xml\bind\jakarta.xml.bind-api\2.3.3\jakarta.xml.bind-api-2.3.3.jar;C:\Users\omar.ben-abdejlil\.m2\jakarta\activation\jakarta.activation-api\1.2.2\jakarta.activation-api-1.2.2.jar;C:\Users\omar.ben-abdejlil\.m2\org\assertj\assertj-core\3.22.0\assertj-core-3.22.0.jar;C:\Users\omar.ben-abdejlil\.m2\org\hamcrest\hamcrest\2.2\hamcrest-2.2.jar;C:\Users\omar.ben-abdejlil\.m2\org\junit\jupiter\junit-jupiter\5.8.2\junit-jupiter-5.8.2.jar;C:\Users\omar.ben-abdejlil\.m2\org\junit\jupiter\junit-jupiter-api\5.8.2\junit-jupiter-api-5.8.2.jar;C:\Users\omar.ben-abdejlil\.m2\org\opentest4j\opentest4j\1.2.0\opentest4j-1.2.0.jar;C:\Users\omar.ben-abdejlil\.m2\org\junit\platform\junit-platform-commons\1.8.2\junit-platform-commons-1.8.2.jar;C:\Users\omar.ben-abdejlil\.m2\org\apiguardian\apiguardian-api\1.1.2\apiguardian-api-1.1.2.jar;C:\Users\omar.ben-abdejlil\.m2\org\junit\jupiter\junit-jupiter-params\5.8.2\junit-jupiter-params-5.8.2.jar;C:\Users\omar.ben-abdejlil\.m2\org\junit\jupiter\junit-jupiter-engine\5.8.2\junit-jupiter-engine-5.8.2.jar;C:\Users\omar.ben-abdejlil\.m2\org\junit\platform\junit-platform-engine\1.8.2\junit-platform-engine-1.8.2.jar;C:\Users\omar.ben-abdejlil\.m2\org\mockito\mockito-core\4.5.1\mockito-core-4.5.1.jar;C:\Users\omar.ben-abdejlil\.m2\net\bytebuddy\byte-buddy\1.12.12\byte-buddy-1.12.12.jar;C:\Users\omar.ben-abdejlil\.m2\net\bytebuddy\byte-buddy-agent\1.12.12\byte-buddy-agent-1.12.12.jar;C:\Users\omar.ben-abdejlil\.m2\org\objenesis\objenesis\3.2\objenesis-3.2.jar;C:\Users\omar.ben-abdejlil\.m2\org\mockito\mockito-junit-jupiter\4.5.1\mockito-junit-jupiter-4.5.1.jar;C:\Users\omar.ben-abdejlil\.m2\org\skyscreamer\jsonassert\1.5.1\jsonassert-1.5.1.jar;C:\Users\omar.ben-abdejlil\.m2\com\vaadin\external\google\android-json\0.0.20131108.vaadin1\android-json-0.0.20131108.vaadin1.jar;C:\Users\omar.ben-abdejlil\.m2\org\springframework\spring-test\5.3.22\spring-test-5.3.22.jar;C:\Users\omar.ben-abdejlil\.m2\org\xmlunit\xmlunit-core\2.9.0\xmlunit-core-2.9.0.jar;"/>
    <property name="java.vm.vendor" value="Amazon.com Inc."/>
    <property name="sun.arch.data.model" value="64"/>
    <property name="user.variant" value=""/>
    <property name="java.vendor.url" value="https://aws.amazon.com/corretto/"/>
    <property name="user.timezone" value="Africa/Tunis"/>
    <property name="os.name" value="Windows 11"/>
    <property name="java.vm.specification.version" value="17"/>
    <property name="sun.java.launcher" value="SUN_STANDARD"/>
    <property name="user.country" value="FR"/>
    <property name="sun.boot.library.path" value="C:\Users\omar.ben-abdejlil\.jdks\corretto-17.0.6\bin"/>
    <property name="sun.java.command" value="C:\Users\OMAR~1.BEN\AppData\Local\Temp\surefire8430208689931985390\surefirebooter11452993415999480515.jar C:\Users\omar.ben-abdejlil\AppData\Local\Temp\surefire8430208689931985390 2023-03-10T15-41-53_492-jvmRun1 surefire8285774708206389602tmp surefire_06666156032668326423tmp"/>
    <property name="jdk.debug" value="release"/>
    <property name="surefire.test.class.path" value="C:\Users\omar.ben-abdejlil\Desktop\sameh\springboot-elasticsearch-main\target\test-classes;C:\Users\omar.ben-abdejlil\Desktop\sameh\springboot-elasticsearch-main\target\classes;C:\Users\omar.ben-abdejlil\.m2\org\springframework\boot\spring-boot-starter\2.7.2\spring-boot-starter-2.7.2.jar;C:\Users\omar.ben-abdejlil\.m2\org\springframework\boot\spring-boot\2.7.2\spring-boot-2.7.2.jar;C:\Users\omar.ben-abdejlil\.m2\org\springframework\spring-context\5.3.22\spring-context-5.3.22.jar;C:\Users\omar.ben-abdejlil\.m2\org\springframework\boot\spring-boot-autoconfigure\2.7.2\spring-boot-autoconfigure-2.7.2.jar;C:\Users\omar.ben-abdejlil\.m2\org\springframework\boot\spring-boot-starter-logging\2.7.2\spring-boot-starter-logging-2.7.2.jar;C:\Users\omar.ben-abdejlil\.m2\ch\qos\logback\logback-classic\1.2.11\logback-classic-1.2.11.jar;C:\Users\omar.ben-abdejlil\.m2\ch\qos\logback\logback-core\1.2.11\logback-core-1.2.11.jar;C:\Users\omar.ben-abdejlil\.m2\org\apache\logging\log4j\log4j-to-slf4j\2.17.2\log4j-to-slf4j-2.17.2.jar;C:\Users\omar.ben-abdejlil\.m2\org\apache\logging\log4j\log4j-api\2.17.2\log4j-api-2.17.2.jar;C:\Users\omar.ben-abdejlil\.m2\org\slf4j\jul-to-slf4j\1.7.36\jul-to-slf4j-1.7.36.jar;C:\Users\omar.ben-abdejlil\.m2\jakarta\annotation\jakarta.annotation-api\1.3.5\jakarta.annotation-api-1.3.5.jar;C:\Users\omar.ben-abdejlil\.m2\org\springframework\spring-core\5.3.22\spring-core-5.3.22.jar;C:\Users\omar.ben-abdejlil\.m2\org\springframework\spring-jcl\5.3.22\spring-jcl-5.3.22.jar;C:\Users\omar.ben-abdejlil\.m2\org\yaml\snakeyaml\1.30\snakeyaml-1.30.jar;C:\Users\omar.ben-abdejlil\.m2\org\springframework\boot\spring-boot-starter-web\2.7.1\spring-boot-starter-web-2.7.1.jar;C:\Users\omar.ben-abdejlil\.m2\org\springframework\boot\spring-boot-starter-json\2.7.2\spring-boot-starter-json-2.7.2.jar;C:\Users\omar.ben-abdejlil\.m2\com\fasterxml\jackson\core\jackson-databind\2.13.3\jackson-databind-2.13.3.jar;C:\Users\omar.ben-abdejlil\.m2\com\fasterxml\jackson\core\jackson-annotations\2.13.3\jackson-annotations-2.13.3.jar;C:\Users\omar.ben-abdejlil\.m2\com\fasterxml\jackson\datatype\jackson-datatype-jdk8\2.13.3\jackson-datatype-jdk8-2.13.3.jar;C:\Users\omar.ben-abdejlil\.m2\com\fasterxml\jackson\datatype\jackson-datatype-jsr310\2.13.3\jackson-datatype-jsr310-2.13.3.jar;C:\Users\omar.ben-abdejlil\.m2\com\fasterxml\jackson\module\jackson-module-parameter-names\2.13.3\jackson-module-parameter-names-2.13.3.jar;C:\Users\omar.ben-abdejlil\.m2\org\springframework\boot\spring-boot-starter-tomcat\2.7.2\spring-boot-starter-tomcat-2.7.2.jar;C:\Users\omar.ben-abdejlil\.m2\org\apache\tomcat\embed\tomcat-embed-core\9.0.65\tomcat-embed-core-9.0.65.jar;C:\Users\omar.ben-abdejlil\.m2\org\apache\tomcat\embed\tomcat-embed-el\9.0.65\tomcat-embed-el-9.0.65.jar;C:\Users\omar.ben-abdejlil\.m2\org\apache\tomcat\embed\tomcat-embed-websocket\9.0.65\tomcat-embed-websocket-9.0.65.jar;C:\Users\omar.ben-abdejlil\.m2\org\springframework\spring-web\5.3.22\spring-web-5.3.22.jar;C:\Users\omar.ben-abdejlil\.m2\org\springframework\spring-beans\5.3.22\spring-beans-5.3.22.jar;C:\Users\omar.ben-abdejlil\.m2\org\springframework\spring-webmvc\5.3.22\spring-webmvc-5.3.22.jar;C:\Users\omar.ben-abdejlil\.m2\org\springframework\spring-aop\5.3.22\spring-aop-5.3.22.jar;C:\Users\omar.ben-abdejlil\.m2\org\springframework\spring-expression\5.3.22\spring-expression-5.3.22.jar;C:\Users\omar.ben-abdejlil\.m2\org\springframework\boot\spring-boot-starter-thymeleaf\2.7.2\spring-boot-starter-thymeleaf-2.7.2.jar;C:\Users\omar.ben-abdejlil\.m2\org\thymeleaf\thymeleaf-spring5\3.0.15.RELEASE\thymeleaf-spring5-3.0.15.RELEASE.jar;C:\Users\omar.ben-abdejlil\.m2\org\thymeleaf\thymeleaf\3.0.15.RELEASE\thymeleaf-3.0.15.RELEASE.jar;C:\Users\omar.ben-abdejlil\.m2\org\attoparser\attoparser\2.0.5.RELEASE\attoparser-2.0.5.RELEASE.jar;C:\Users\omar.ben-abdejlil\.m2\org\unbescape\unbescape\1.1.6.RELEASE\unbescape-1.1.6.RELEASE.jar;C:\Users\omar.ben-abdejlil\.m2\org\slf4j\slf4j-api\1.7.36\slf4j-api-1.7.36.jar;C:\Users\omar.ben-abdejlil\.m2\org\thymeleaf\extras\thymeleaf-extras-java8time\3.0.4.RELEASE\thymeleaf-extras-java8time-3.0.4.RELEASE.jar;C:\Users\omar.ben-abdejlil\.m2\org\springframework\boot\spring-boot-starter-data-elasticsearch\2.7.1\spring-boot-starter-data-elasticsearch-2.7.1.jar;C:\Users\omar.ben-abdejlil\.m2\org\springframework\data\spring-data-elasticsearch\4.4.2\spring-data-elasticsearch-4.4.2.jar;C:\Users\omar.ben-abdejlil\.m2\org\springframework\spring-tx\5.3.22\spring-tx-5.3.22.jar;C:\Users\omar.ben-abdejlil\.m2\org\springframework\data\spring-data-commons\2.7.2\spring-data-commons-2.7.2.jar;C:\Users\omar.ben-abdejlil\.m2\org\elasticsearch\client\elasticsearch-rest-high-level-client\7.17.4\elasticsearch-rest-high-level-client-7.17.4.jar;C:\Users\omar.ben-abdejlil\.m2\org\elasticsearch\elasticsearch\7.17.4\elasticsearch-7.17.4.jar;C:\Users\omar.ben-abdejlil\.m2\org\elasticsearch\elasticsearch-core\7.17.4\elasticsearch-core-7.17.4.jar;C:\Users\omar.ben-abdejlil\.m2\org\elasticsearch\elasticsearch-secure-sm\7.17.4\elasticsearch-secure-sm-7.17.4.jar;C:\Users\omar.ben-abdejlil\.m2\org\elasticsearch\elasticsearch-x-content\7.17.4\elasticsearch-x-content-7.17.4.jar;C:\Users\omar.ben-abdejlil\.m2\com\fasterxml\jackson\dataformat\jackson-dataformat-smile\2.13.3\jackson-dataformat-smile-2.13.3.jar;C:\Users\omar.ben-abdejlil\.m2\com\fasterxml\jackson\dataformat\jackson-dataformat-yaml\2.13.3\jackson-dataformat-yaml-2.13.3.jar;C:\Users\omar.ben-abdejlil\.m2\com\fasterxml\jackson\dataformat\jackson-dataformat-cbor\2.13.3\jackson-dataformat-cbor-2.13.3.jar;C:\Users\omar.ben-abdejlil\.m2\org\elasticsearch\elasticsearch-geo\7.17.4\elasticsearch-geo-7.17.4.jar;C:\Users\omar.ben-abdejlil\.m2\org\elasticsearch\elasticsearch-lz4\7.17.4\elasticsearch-lz4-7.17.4.jar;C:\Users\omar.ben-abdejlil\.m2\org\lz4\lz4-java\1.8.0\lz4-java-1.8.0.jar;C:\Users\omar.ben-abdejlil\.m2\org\apache\lucene\lucene-core\8.11.1\lucene-core-8.11.1.jar;C:\Users\omar.ben-abdejlil\.m2\org\apache\lucene\lucene-analyzers-common\8.11.1\lucene-analyzers-common-8.11.1.jar;C:\Users\omar.ben-abdejlil\.m2\org\apache\lucene\lucene-backward-codecs\8.11.1\lucene-backward-codecs-8.11.1.jar;C:\Users\omar.ben-abdejlil\.m2\org\apache\lucene\lucene-grouping\8.11.1\lucene-grouping-8.11.1.jar;C:\Users\omar.ben-abdejlil\.m2\org\apache\lucene\lucene-highlighter\8.11.1\lucene-highlighter-8.11.1.jar;C:\Users\omar.ben-abdejlil\.m2\org\apache\lucene\lucene-join\8.11.1\lucene-join-8.11.1.jar;C:\Users\omar.ben-abdejlil\.m2\org\apache\lucene\lucene-memory\8.11.1\lucene-memory-8.11.1.jar;C:\Users\omar.ben-abdejlil\.m2\org\apache\lucene\lucene-misc\8.11.1\lucene-misc-8.11.1.jar;C:\Users\omar.ben-abdejlil\.m2\org\apache\lucene\lucene-queries\8.11.1\lucene-queries-8.11.1.jar;C:\Users\omar.ben-abdejlil\.m2\org\apache\lucene\lucene-queryparser\8.11.1\lucene-queryparser-8.11.1.jar;C:\Users\omar.ben-abdejlil\.m2\org\apache\lucene\lucene-sandbox\8.11.1\lucene-sandbox-8.11.1.jar;C:\Users\omar.ben-abdejlil\.m2\org\apache\lucene\lucene-spatial3d\8.11.1\lucene-spatial3d-8.11.1.jar;C:\Users\omar.ben-abdejlil\.m2\org\apache\lucene\lucene-suggest\8.11.1\lucene-suggest-8.11.1.jar;C:\Users\omar.ben-abdejlil\.m2\org\elasticsearch\elasticsearch-cli\7.17.4\elasticsearch-cli-7.17.4.jar;C:\Users\omar.ben-abdejlil\.m2\net\sf\jopt-simple\jopt-simple\5.0.2\jopt-simple-5.0.2.jar;C:\Users\omar.ben-abdejlil\.m2\com\carrotsearch\hppc\0.8.1\hppc-0.8.1.jar;C:\Users\omar.ben-abdejlil\.m2\joda-time\joda-time\2.10.10\joda-time-2.10.10.jar;C:\Users\omar.ben-abdejlil\.m2\com\tdunning\t-digest\3.2\t-digest-3.2.jar;C:\Users\omar.ben-abdejlil\.m2\org\hdrhistogram\HdrHistogram\2.1.9\HdrHistogram-2.1.9.jar;C:\Users\omar.ben-abdejlil\.m2\net\java\dev\jna\jna\5.10.0\jna-5.10.0.jar;C:\Users\omar.ben-abdejlil\.m2\org\elasticsearch\elasticsearch-plugin-classloader\7.17.4\elasticsearch-plugin-classloader-7.17.4.jar;C:\Users\omar.ben-abdejlil\.m2\org\elasticsearch\plugin\mapper-extras-client\7.17.4\mapper-extras-client-7.17.4.jar;C:\Users\omar.ben-abdejlil\.m2\org\elasticsearch\plugin\parent-join-client\7.17.4\parent-join-client-7.17.4.jar;C:\Users\omar.ben-abdejlil\.m2\org\elasticsearch\plugin\aggs-matrix-stats-client\7.17.4\aggs-matrix-stats-client-7.17.4.jar;C:\Users\omar.ben-abdejlil\.m2\org\elasticsearch\plugin\rank-eval-client\7.17.4\rank-eval-client-7.17.4.jar;C:\Users\omar.ben-abdejlil\.m2\org\elasticsearch\plugin\lang-mustache-client\7.17.4\lang-mustache-client-7.17.4.jar;C:\Users\omar.ben-abdejlil\.m2\com\github\spullara\mustache\java\compiler\0.9.6\compiler-0.9.6.jar;C:\Users\omar.ben-abdejlil\.m2\co\elastic\clients\elasticsearch-java\7.17.4\elasticsearch-java-7.17.4.jar;C:\Users\omar.ben-abdejlil\.m2\com\google\code\findbugs\jsr305\3.0.2\jsr305-3.0.2.jar;C:\Users\omar.ben-abdejlil\.m2\org\eclipse\parsson\parsson\1.0.0\parsson-1.0.0.jar;C:\Users\omar.ben-abdejlil\.m2\org\elasticsearch\client\elasticsearch-rest-client\7.17.4\elasticsearch-rest-client-7.17.4.jar;C:\Users\omar.ben-abdejlil\.m2\org\apache\httpcomponents\httpclient\4.5.13\httpclient-4.5.13.jar;C:\Users\omar.ben-abdejlil\.m2\org\apache\httpcomponents\httpcore\4.4.15\httpcore-4.4.15.jar;C:\Users\omar.ben-abdejlil\.m2\org\apache\httpcomponents\httpasyncclient\4.1.5\httpasyncclient-4.1.5.jar;C:\Users\omar.ben-abdejlil\.m2\org\apache\httpcomponents\httpcore-nio\4.4.15\httpcore-nio-4.4.15.jar;C:\Users\omar.ben-abdejlil\.m2\commons-codec\commons-codec\1.15\commons-codec-1.15.jar;C:\Users\omar.ben-abdejlil\.m2\com\fasterxml\jackson\core\jackson-core\2.13.3\jackson-core-2.13.3.jar;C:\Users\omar.ben-abdejlil\.m2\jakarta\json\jakarta.json-api\2.1.0\jakarta.json-api-2.1.0.jar;C:\Users\omar.ben-abdejlil\.m2\org\springframework\boot\spring-boot-starter-test\2.7.2\spring-boot-starter-test-2.7.2.jar;C:\Users\omar.ben-abdejlil\.m2\org\springframework\boot\spring-boot-test\2.7.2\spring-boot-test-2.7.2.jar;C:\Users\omar.ben-abdejlil\.m2\org\springframework\boot\spring-boot-test-autoconfigure\2.7.2\spring-boot-test-autoconfigure-2.7.2.jar;C:\Users\omar.ben-abdejlil\.m2\com\jayway\jsonpath\json-path\2.7.0\json-path-2.7.0.jar;C:\Users\omar.ben-abdejlil\.m2\net\minidev\json-smart\2.4.8\json-smart-2.4.8.jar;C:\Users\omar.ben-abdejlil\.m2\net\minidev\accessors-smart\2.4.8\accessors-smart-2.4.8.jar;C:\Users\omar.ben-abdejlil\.m2\org\ow2\asm\asm\9.1\asm-9.1.jar;C:\Users\omar.ben-abdejlil\.m2\jakarta\xml\bind\jakarta.xml.bind-api\2.3.3\jakarta.xml.bind-api-2.3.3.jar;C:\Users\omar.ben-abdejlil\.m2\jakarta\activation\jakarta.activation-api\1.2.2\jakarta.activation-api-1.2.2.jar;C:\Users\omar.ben-abdejlil\.m2\org\assertj\assertj-core\3.22.0\assertj-core-3.22.0.jar;C:\Users\omar.ben-abdejlil\.m2\org\hamcrest\hamcrest\2.2\hamcrest-2.2.jar;C:\Users\omar.ben-abdejlil\.m2\org\junit\jupiter\junit-jupiter\5.8.2\junit-jupiter-5.8.2.jar;C:\Users\omar.ben-abdejlil\.m2\org\junit\jupiter\junit-jupiter-api\5.8.2\junit-jupiter-api-5.8.2.jar;C:\Users\omar.ben-abdejlil\.m2\org\opentest4j\opentest4j\1.2.0\opentest4j-1.2.0.jar;C:\Users\omar.ben-abdejlil\.m2\org\junit\platform\junit-platform-commons\1.8.2\junit-platform-commons-1.8.2.jar;C:\Users\omar.ben-abdejlil\.m2\org\apiguardian\apiguardian-api\1.1.2\apiguardian-api-1.1.2.jar;C:\Users\omar.ben-abdejlil\.m2\org\junit\jupiter\junit-jupiter-params\5.8.2\junit-jupiter-params-5.8.2.jar;C:\Users\omar.ben-abdejlil\.m2\org\junit\jupiter\junit-jupiter-engine\5.8.2\junit-jupiter-engine-5.8.2.jar;C:\Users\omar.ben-abdejlil\.m2\org\junit\platform\junit-platform-engine\1.8.2\junit-platform-engine-1.8.2.jar;C:\Users\omar.ben-abdejlil\.m2\org\mockito\mockito-core\4.5.1\mockito-core-4.5.1.jar;C:\Users\omar.ben-abdejlil\.m2\net\bytebuddy\byte-buddy\1.12.12\byte-buddy-1.12.12.jar;C:\Users\omar.ben-abdejlil\.m2\net\bytebuddy\byte-buddy-agent\1.12.12\byte-buddy-agent-1.12.12.jar;C:\Users\omar.ben-abdejlil\.m2\org\objenesis\objenesis\3.2\objenesis-3.2.jar;C:\Users\omar.ben-abdejlil\.m2\org\mockito\mockito-junit-jupiter\4.5.1\mockito-junit-jupiter-4.5.1.jar;C:\Users\omar.ben-abdejlil\.m2\org\skyscreamer\jsonassert\1.5.1\jsonassert-1.5.1.jar;C:\Users\omar.ben-abdejlil\.m2\com\vaadin\external\google\android-json\0.0.20131108.vaadin1\android-json-0.0.20131108.vaadin1.jar;C:\Users\omar.ben-abdejlil\.m2\org\springframework\spring-test\5.3.22\spring-test-5.3.22.jar;C:\Users\omar.ben-abdejlil\.m2\org\xmlunit\xmlunit-core\2.9.0\xmlunit-core-2.9.0.jar;"/>
    <property name="sun.cpu.endian" value="little"/>
    <property name="user.home" value="C:\Users\omar.ben-abdejlil"/>
    <property name="user.language" value="fr"/>
    <property name="java.specification.vendor" value="Oracle Corporation"/>
    <property name="java.version.date" value="2023-01-17"/>
    <property name="java.home" value="C:\Users\omar.ben-abdejlil\.jdks\corretto-17.0.6"/>
    <property name="file.separator" value="\"/>
    <property name="basedir" value="C:\Users\omar.ben-abdejlil\Desktop\sameh\springboot-elasticsearch-main"/>
    <property name="java.vm.compressedOopsMode" value="Zero based"/>
    <property name="line.separator" value="&#10;"/>
    <property name="java.vm.specification.vendor" value="Oracle Corporation"/>
    <property name="java.specification.name" value="Java Platform API Specification"/>
    <property name="surefire.real.class.path" value="C:\Users\OMAR~1.BEN\AppData\Local\Temp\surefire8430208689931985390\surefirebooter11452993415999480515.jar"/>
    <property name="user.script" value=""/>
    <property name="sun.management.compiler" value="HotSpot 64-Bit Tiered Compilers"/>
    <property name="java.runtime.version" value="17.0.6+10-LTS"/>
    <property name="user.name" value="omar.ben-abdejlil"/>
    <property name="path.separator" value=";"/>
    <property name="os.version" value="10.0"/>
    <property name="java.runtime.name" value="OpenJDK Runtime Environment"/>
    <property name="file.encoding" value="Cp1252"/>
    <property name="java.vm.name" value="OpenJDK 64-Bit Server VM"/>
    <property name="java.vendor.version" value="Corretto-17.0.6.10.1"/>
    <property name="localRepository" value="C:\Users\omar.ben-abdejlil\.m2"/>
    <property name="java.vendor.url.bug" value="https://github.com/corretto/corretto-17/issues/"/>
    <property name="java.io.tmpdir" value="C:\Users\OMAR~1.BEN\AppData\Local\Temp\"/>
    <property name="idea.version" value="2022.3.1"/>
    <property name="java.version" value="17.0.6"/>
    <property name="user.dir" value="C:\Users\omar.ben-abdejlil\Desktop\sameh\springboot-elasticsearch-main"/>
    <property name="os.arch" value="amd64"/>
    <property name="java.vm.specification.name" value="Java Virtual Machine Specification"/>
    <property name="sun.os.patch.level" value=""/>
    <property name="native.encoding" value="Cp1252"/>
    <property name="java.library.path" value="C:\Users\omar.ben-abdejlil\.jdks\corretto-17.0.6\bin;C:\WINDOWS\Sun\Java\bin;C:\WINDOWS\system32;C:\WINDOWS;C:\Python311\Scripts\;C:\Python311\;C:\Program Files\Common Files\Oracle\Java\javapath;C:\Program Files (x86)\VMware\VMware Workstation\bin\;C:\Program Files (x86)\Common Files\Intel\Shared Libraries\redist\intel64\compiler;C:\WINDOWS\system32;C:\WINDOWS;C:\WINDOWS\System32\Wbem;C:\WINDOWS\System32\WindowsPowerShell\v1.0\;C:\WINDOWS\System32\OpenSSH\;C:\Program Files\dotnet\;C:\Program Files\Git\cmd;C:\ProgramData\chocolatey\bin;;C:\Program Files (x86)\NVIDIA Corporation\PhysX\Common;C:\Program Files\nodejs\;C:\HashiCorp\Vagrant\bin;C:\Program Files\PuTTY\;C:\Program Files\Docker\Docker\resources\bin;C:\Users\omar.ben-abdejlil\AppData\Local\Microsoft\WindowsApps;C:\Users\omar.ben-abdejlil\AppData\Local\Programs\Microsoft VS Code\bin;C:\terraform;C:\Users\omar.ben-abdejlil\AppData\Roaming\npm;."/>
    <property name="java.vm.info" value="mixed mode, sharing"/>
    <property name="java.vendor" value="Amazon.com Inc."/>
    <property name="java.vm.version" value="17.0.6+10-LTS"/>
    <property name="sun.io.unicode.encoding" value="UnicodeLittle"/>
    <property name="java.class.version" value="61.0"/>
  </properties>
  <testcase name="contextLoads" classname="com.pixelTrice.elastic.ElasticApplicationTests" time="0.429"/>
</testsuite>